<?xml version="1.0" encoding="UTF-8"?>
<beans xmlns="http://www.springframework.org/schema/beans"
	xmlns:xsi="http://www.w3.org/2001/XMLSchema-instance" xmlns:context="http://www.springframework.org/schema/context"
	xmlns:mongo="http://www.springframework.org/schema/data/mongo"
	xsi:schemaLocation="http://www.springframework.org/schema/beans
        http://www.springframework.org/schema/beans/spring-beans-3.1.xsd
        http://www.springframework.org/schema/context
        http://www.springframework.org/schema/context/spring-context-3.0.xsd
        http://www.springframework.org/schema/data/mongo
        http://www.springframework.org/schema/data/mongo/spring-mongo-1.0.xsd"
	default-autowire="byName">
	<import resource="classpath:dao-context.xml" />
	
	<bean name="smtpSender" class="com.planfisheye.services.communications.smtp.DefaultSMTPSender">
		<property name="mailSender" ref="mailSender" />
	</bean>
	
	<!-- Configuration of the mail sender -->
	<bean id="mailSender" class="org.springframework.mail.javamail.JavaMailSenderImpl">
		<property name="host" value="smtp.gmail.com" />
		<property name="port" value="587" />
		<property name="username" value="iggy@planfisheye.com" />
		<property name="password" value="jander123" />
		<property name="javaMailProperties">
			<props>
				<!-- Use SMTP-AUTH to authenticate to SMTP server -->
				<prop key="mail.smtp.auth">true</prop>
				<!-- Use TLS to encrypt communication with SMTP server -->
				<prop key="mail.smtp.starttls.enable">true</prop>
			</props>
		</property>
	</bean>
	
	
	<bean id="userService" class="com.planfisheye.services.user.UserServiceImpl" />
	<bean id="emailService" class="com.planfisheye.services.communications.EmailService" />
	<bean id="relationsService" class="com.planfisheye.services.relations.RelationsServiceImpl"/>
	<bean id="meetMeService" class="com.planfisheye.services.session.MeetMeService"/>
</beans> 
